Performing C++ SOURCE FILE Test check_cxx_compiler_flag__march_merom failed with the following output:
Change Dir: /home/xkh/Desktop/tungsten/build/CMakeFiles/CMakeTmp

Run Build Command(s):/usr/bin/make cmTC_f7d71/fast && /usr/bin/make -f CMakeFiles/cmTC_f7d71.dir/build.make CMakeFiles/cmTC_f7d71.dir/build
make[1]: Entering directory '/home/xkh/Desktop/tungsten/build/CMakeFiles/CMakeTmp'
Building CXX object CMakeFiles/cmTC_f7d71.dir/src.cxx.o
/usr/bin/c++    -std=c++0x -Dcheck_cxx_compiler_flag__march_merom   -march=merom -o CMakeFiles/cmTC_f7d71.dir/src.cxx.o -c /home/xkh/Desktop/tungsten/build/CMakeFiles/CMakeTmp/src.cxx
cc1plus: error: bad value (‘merom’) for ‘-march=’ switch
cc1plus: note: valid arguments to ‘-march=’ switch are: nocona core2 nehalem corei7 westmere sandybridge corei7-avx ivybridge core-avx-i haswell core-avx2 broadwell skylake skylake-avx512 cannonlake icelake-client icelake-server cascadelake tigerlake bonnell atom silvermont slm goldmont goldmont-plus tremont knl knm x86-64 eden-x2 nano nano-1000 nano-2000 nano-3000 nano-x2 eden-x4 nano-x4 k8 k8-sse3 opteron opteron-sse3 athlon64 athlon64-sse3 athlon-fx amdfam10 barcelona bdver1 bdver2 bdver3 bdver4 znver1 znver2 btver1 btver2 native
make[1]: *** [CMakeFiles/cmTC_f7d71.dir/build.make:66: CMakeFiles/cmTC_f7d71.dir/src.cxx.o] Error 1
make[1]: Leaving directory '/home/xkh/Desktop/tungsten/build/CMakeFiles/CMakeTmp'
make: *** [Makefile:121: cmTC_f7d71/fast] Error 2


Source file was:
#include <cstdio>
      int main() { return 0; }
Performing C SOURCE FILE Test CMAKE_HAVE_LIBC_PTHREAD failed with the following output:
Change Dir: /home/xkh/Desktop/tungsten/build/CMakeFiles/CMakeTmp

Run Build Command(s):/usr/bin/make cmTC_d9f70/fast && /usr/bin/make -f CMakeFiles/cmTC_d9f70.dir/build.make CMakeFiles/cmTC_d9f70.dir/build
make[1]: Entering directory '/home/xkh/Desktop/tungsten/build/CMakeFiles/CMakeTmp'
Building C object CMakeFiles/cmTC_d9f70.dir/src.c.o
/usr/bin/cc   -DCMAKE_HAVE_LIBC_PTHREAD   -o CMakeFiles/cmTC_d9f70.dir/src.c.o   -c /home/xkh/Desktop/tungsten/build/CMakeFiles/CMakeTmp/src.c
Linking C executable cmTC_d9f70
/usr/bin/cmake -E cmake_link_script CMakeFiles/cmTC_d9f70.dir/link.txt --verbose=1
/usr/bin/cc  -DCMAKE_HAVE_LIBC_PTHREAD    -rdynamic CMakeFiles/cmTC_d9f70.dir/src.c.o  -o cmTC_d9f70 
/usr/bin/ld: CMakeFiles/cmTC_d9f70.dir/src.c.o: in function `main':
src.c:(.text+0x3e): undefined reference to `pthread_create'
/usr/bin/ld: src.c:(.text+0x4a): undefined reference to `pthread_detach'
/usr/bin/ld: src.c:(.text+0x5b): undefined reference to `pthread_join'
collect2: error: ld returned 1 exit status
make[1]: *** [CMakeFiles/cmTC_d9f70.dir/build.make:87: cmTC_d9f70] Error 1
make[1]: Leaving directory '/home/xkh/Desktop/tungsten/build/CMakeFiles/CMakeTmp'
make: *** [Makefile:121: cmTC_d9f70/fast] Error 2


Source file was:
#include <pthread.h>

void* test_func(void* data)
{
  return data;
}

int main(void)
{
  pthread_t thread;
  pthread_create(&thread, NULL, test_func, NULL);
  pthread_detach(thread);
  pthread_join(thread, NULL);
  pthread_atfork(NULL, NULL, NULL);
  pthread_exit(NULL);

  return 0;
}

Determining if the function pthread_create exists in the pthreads failed with the following output:
Change Dir: /home/xkh/Desktop/tungsten/build/CMakeFiles/CMakeTmp

Run Build Command(s):/usr/bin/make cmTC_0fb53/fast && /usr/bin/make -f CMakeFiles/cmTC_0fb53.dir/build.make CMakeFiles/cmTC_0fb53.dir/build
make[1]: Entering directory '/home/xkh/Desktop/tungsten/build/CMakeFiles/CMakeTmp'
Building C object CMakeFiles/cmTC_0fb53.dir/CheckFunctionExists.c.o
/usr/bin/cc   -DCHECK_FUNCTION_EXISTS=pthread_create   -o CMakeFiles/cmTC_0fb53.dir/CheckFunctionExists.c.o   -c /usr/share/cmake-3.16/Modules/CheckFunctionExists.c
Linking C executable cmTC_0fb53
/usr/bin/cmake -E cmake_link_script CMakeFiles/cmTC_0fb53.dir/link.txt --verbose=1
/usr/bin/cc  -DCHECK_FUNCTION_EXISTS=pthread_create    -rdynamic CMakeFiles/cmTC_0fb53.dir/CheckFunctionExists.c.o  -o cmTC_0fb53  -lpthreads 
/usr/bin/ld: cannot find -lpthreads
collect2: error: ld returned 1 exit status
make[1]: *** [CMakeFiles/cmTC_0fb53.dir/build.make:87: cmTC_0fb53] Error 1
make[1]: Leaving directory '/home/xkh/Desktop/tungsten/build/CMakeFiles/CMakeTmp'
make: *** [Makefile:121: cmTC_0fb53/fast] Error 2



